C51 COMPILER V9.60.0.0   KEY                                                               06/24/2024 12:07:09 PAGE 1   


C51 COMPILER V9.60.0.0, COMPILATION OF MODULE KEY
OBJECT MODULE PLACED IN .\Objects\key.obj
COMPILER INVOKED BY: D:\Keil5\C51\BIN\C51.EXE key.c LARGE OPTIMIZE(8,SPEED) BROWSE DEBUG OBJECTEXTEND PRINT(.\Listings\k
                    -ey.lst) OBJECT(.\Objects\key.obj)

line level    source

   1          #include <INTRINS.H>
   2          #include <reg52.h>
   3          #include "key.h"
   4          
   5          sbit key3 = P2^2;
   6          sbit key1 = P2^1;
   7          sbit key2 = P2^0;
   8          
   9          void delay(unsigned short i)
  10          {
  11   1          while(i--);
  12   1      }
  13          
  14          void key_init(void)
  15          {
  16   1          key1 = 1;
  17   1          key2 = 1;
  18   1          key3 = 1;
  19   1      }
  20          
  21          
  22          unsigned char key_sacn(void)
  23          {
  24   1          if(key1==0)
  25   1          {
  26   2              delay(1000);
  27   2              if(key1==0)
  28   2              {
  29   3                  while(key1==0);
  30   3                  return 1;
  31   3              }
  32   2          }
  33   1          else if(key2==0)
  34   1          {
  35   2              delay(1000);
  36   2              if(key2==0)
  37   2              {
  38   3                  while(key2==0);
  39   3                  return 2;
  40   3              }
  41   2          }
  42   1          else if(key3==0)
  43   1          {
  44   2              delay(1000);
  45   2              if(key3==0)
  46   2              {
  47   3                  while(key3==0);
  48   3                  return 3;
  49   3              }
  50   2          }
  51   1          return 0;
  52   1      }


C51 COMPILER V9.60.0.0   KEY                                                               06/24/2024 12:07:09 PAGE 2   

MODULE INFORMATION:   STATIC OVERLAYABLE
   CODE SIZE        =     70    ----
   CONSTANT SIZE    =   ----    ----
   XDATA SIZE       =   ----    ----
   PDATA SIZE       =   ----    ----
   DATA SIZE        =   ----    ----
   IDATA SIZE       =   ----    ----
   BIT SIZE         =   ----    ----
END OF MODULE INFORMATION.


C51 COMPILATION COMPLETE.  0 WARNING(S),  0 ERROR(S)
