C51 COMPILER V9.60.0.0   LCD1602                                                           06/19/2024 14:53:41 PAGE 1   


C51 COMPILER V9.60.0.0, COMPILATION OF MODULE LCD1602
OBJECT MODULE PLACED IN .\Objects\lcd1602.obj
COMPILER INVOKED BY: D:\Keil5\C51\BIN\C51.EXE lcd1602.c OPTIMIZE(8,SPEED) BROWSE DEBUG OBJECTEXTEND PRINT(.\Listings\lcd
                    -1602.lst) OBJECT(.\Objects\lcd1602.obj)

line level    source

   1          #include "LCD1602.h"
   2          #include<reg51.h>
   3          #include<intrins.h>
   4          #define out P0
   5          sbit RS=P2^6;
   6          sbit RW=P2^5;
   7          sbit E =P2^7;          //定义控制引脚
   8          
   9          //延时函数
  10          void delay(unsigned long n)
  11          {
  12   1              while(n)
  13   1              {
  14   2                      _nop_();
  15   2                      n--;
  16   2              }
  17   1      }
  18          
  19          //检查当前1602是否处于忙状态
  20          void LCDcheckbusy(void)
  21          {
  22   1              unsigned char dt;
  23   1              do
  24   1              {
  25   2                      dt=0xff;
  26   2                      E=0;
  27   2                      RS=0;
  28   2                      RW=1;
  29   2                      E=1;
  30   2                      dt=out;
  31   2              }while(dt&0x80);
  32   1              E=0;
  33   1      }
  34          
  35          //LCD写命令函数
  36          void LCDwritecmd(unsigned char com)
  37          {
  38   1              LCDcheckbusy();
  39   1              E=0;
  40   1              RS=0;
  41   1              RW=0;
  42   1              out=com;
  43   1              E=1;
  44   1              _nop_();
  45   1              E=0;
  46   1              delay(1);
  47   1      }
  48          
  49          //LCD显示函数
  50          void LCDwritedata(unsigned char dat)
  51          {
  52   1              LCDcheckbusy();
  53   1              E=0;
  54   1              RS=1;
C51 COMPILER V9.60.0.0   LCD1602                                                           06/19/2024 14:53:41 PAGE 2   

  55   1              RW=0;
  56   1              out=dat;
  57   1              E=1;
  58   1              _nop_();
  59   1              E=0;
  60   1              delay(1);
  61   1      }
  62          
  63          void LCDstr(char *str)
  64          {
  65   1              while(*str)
  66   1              {
  67   2                      LCDwritedata(*str);
  68   2                      str++;
  69   2              }
  70   1      }
  71          
  72          //LCD初始化函数
  73          void LCDinitial(void)
  74          {
  75   1              LCDwritecmd(0x38);
  76   1              LCDwritecmd(0x0c);
  77   1              LCDwritecmd(0x06);
  78   1              LCDwritecmd(0x01);
  79   1              delay(1);
  80   1      }
  81          
  82          
  83          
  84          
  85          


MODULE INFORMATION:   STATIC OVERLAYABLE
   CODE SIZE        =    151    ----
   CONSTANT SIZE    =   ----    ----
   XDATA SIZE       =   ----    ----
   PDATA SIZE       =   ----    ----
   DATA SIZE        =   ----    ----
   IDATA SIZE       =   ----    ----
   BIT SIZE         =   ----    ----
END OF MODULE INFORMATION.


C51 COMPILATION COMPLETE.  0 WARNING(S),  0 ERROR(S)
