C51 COMPILER V9.60.0.0   MAIN                                                              06/24/2024 12:07:09 PAGE 1   


C51 COMPILER V9.60.0.0, COMPILATION OF MODULE MAIN
OBJECT MODULE PLACED IN .\Objects\main.obj
COMPILER INVOKED BY: D:\Keil5\C51\BIN\C51.EXE main.c LARGE OPTIMIZE(8,SPEED) BROWSE DEBUG OBJECTEXTEND PRINT(.\Listings\
                    -main.lst) OBJECT(.\Objects\main.obj)

line level    source

   1          #include <reg52.h>
   2          #include "lcd.h"
   3          #include "uart.h"
   4          #include "stdio.h"
   5          #include "ds18b20.h"
   6          #include "key.h"
   7          #include <string.h>
   8          char str[60];
   9          unsigned char connection;
  10          unsigned char TIME_BASE;
  11          unsigned short COUNT;
  12          unsigned char send_flag=0;
  13          unsigned short count_sned;
  14          float temperature[3];
  15          unsigned char page=0;
  16          unsigned char auto_enable=0;
  17          float RH;
  18          unsigned char rec_flag = 0;
  19          void send_string(unsigned char *s)
  20          {
  21   1        while(*s) //当字符串s不为空时
  22   1        {
  23   2          SBUF = *s; //将字符串s中的字符发送到串口
  24   2          while(TI == 0); //等待上一个字符发送完成
  25   2          TI = 0; //清除发送完成标志位TI
  26   2          s++; //指向下一个字符
  27   2        }
  28   1      
  29   1      }
  30          void connect_to_mqtt()
  31          {
  32   1          sprintf(str,"process:0%%      ");
  33   1          LCD_ShowString(1,1,str);
  34   1          sprintf(str,"                ");
  35   1          LCD_ShowString(2,1,str);
  36   1          ES=0;
  37   1          send_string("AT+RST\r\n");
  38   1          rec_flag=1;
  39   1          TIME_BASE=0;
  40   1          while(rec_flag);
  41   1          delay_ms(200);
  42   1          
  43   1          sprintf(str,"process15%%      ");
  44   1          LCD_ShowString(1,1,str);
  45   1          sprintf(str,"                ");
  46   1          LCD_ShowString(2,1,str);
  47   1          send_string("AT+CWMODE=1\r\n");
  48   1          rec_flag=1;
  49   1          TIME_BASE=0;
  50   1          while(rec_flag);
  51   1          delay_ms(200);
  52   1          
  53   1          sprintf(str,"process:50%%      ");
  54   1          LCD_ShowString(1,1,str);
C51 COMPILER V9.60.0.0   MAIN                                                              06/24/2024 12:07:09 PAGE 2   

  55   1          sprintf(str,"                ");
  56   1          LCD_ShowString(2,1,str);
  57   1          send_string("AT+CWJAP=\"norgin\",\"12345678\"\r\n");
  58   1          rec_flag=1;
  59   1          TIME_BASE=0;
  60   1          while(rec_flag);
  61   1          delay_ms(500);
  62   1          
  63   1          sprintf(str,"process:60%%      ");
  64   1          LCD_ShowString(1,1,str);
  65   1          sprintf(str,"                ");
  66   1          LCD_ShowString(2,1,str);
  67   1          send_string("AT+MQTTUSERCFG=0,1,\"myUser\",\"admin\",\"norgin2002\",0,0,\"\"\r\n");
  68   1          rec_flag=1;
  69   1          TIME_BASE=0;
  70   1          while(rec_flag);
  71   1          delay_ms(200);
  72   1          
  73   1          sprintf(str,"process:80%%      ");
  74   1          LCD_ShowString(1,1,str);
  75   1          sprintf(str,"                ");
  76   1          LCD_ShowString(2,1,str);
  77   1          send_string("AT+MQTTCONN=0,\"42.51.41.107\",1883,0\r\n");
  78   1          rec_flag=1;
  79   1          TIME_BASE=0;
  80   1          while(rec_flag);
  81   1          delay_ms(200);
  82   1          
  83   1          sprintf(str,"process:99%%      ");
  84   1          LCD_ShowString(1,1,str);
  85   1          sprintf(str,"                ");
  86   1          LCD_ShowString(2,1,str);
  87   1          send_string("AT+MQTTSUB=0,\"cmd\",0\r\n");
  88   1          rec_flag=1;
  89   1          TIME_BASE=0;
  90   1          while(rec_flag);
  91   1          delay_ms(200);
  92   1          ES=1;
  93   1              ET0 = 1;
  94   1              TR0 = 1;
  95   1          TR1=1;
  96   1      }
  97          
  98          void send_msg()
  99          {
 100   1          memset(str, 0, sizeof(str));
 101   1          sprintf(str,"AT+MQTTPUB=0,\"data\",\"A%.1fB%.1fC%.1f\",0,0\r\n",RH,temperature[0],temperature[1]);
 102   1          send_string(str);
 103   1          //printf("0,0\n");
 104   1      }
 105          
 106          
 107          void main()
 108          {
 109   1          unsigned char kvalue;
 110   1              LCD_Init();//用之前必须要初始化
 111   1              UART_Init();
 112   1          SystemInit();
 113   1          ds18b20_init();
 114   1          ds18b21_init();
 115   1          key_init();
 116   1              while(1)
C51 COMPILER V9.60.0.0   MAIN                                                              06/24/2024 12:07:09 PAGE 3   

 117   1          {
 118   2              kvalue = key_sacn();
 119   2              temperature[0] = ds18b20_get_temperature();
 120   2              temperature[1] = ds18b21_get_temperature();
 121   2              RH=(temperature[0]+temperature[1])*0.72f+40.6;
 122   2              switch(kvalue)
 123   2              {
 124   3                  case 1:{page=!page;send_string("AT+MQTTPUB=0,\"data\",\"@\",0,0\r\n");connection=0;}break;
 125   3                  case 2:connect_to_mqtt();break;
 126   3                  case 3:send_flag=1; break;
 127   3              }
 128   2              if(page==0)
 129   2              {
 130   3                  sprintf(str,"tempW:%.1f       ",temperature[0]);
 131   3                  LCD_ShowString(1,1,str);
 132   3                  sprintf(str,"tempD:%.1f       ",temperature[1]);
 133   3                  LCD_ShowString(2,1,str);
 134   3              }
 135   2              else if(page==1)
 136   2              {
 137   3                  sprintf(str,"RH:%.1f%%     ",RH);
 138   3                  LCD_ShowString(1,1,str);
 139   3                  if(connection==1)
 140   3                  {
 141   4                      sprintf(str,"Connected         ");
 142   4                  }
 143   3                  else
 144   3                  {
 145   4                      sprintf(str,"Disconnect        ");
 146   4                  }
 147   3                  LCD_ShowString(2,1,str);
 148   3              }
 149   2              if(send_flag==1)
 150   2              {
 151   3                  send_flag=0;
 152   3                  send_msg();
 153   3              }
 154   2                  //delay_ms(10);
 155   2              }
 156   1      }
 157          
 158          
 159          void Timer0_IRQ(void) interrupt 1
 160          {
 161   1              TH0 = (655365 - 45872) / 256;
 162   1              TL0 = (655365 - 45872) % 256;
 163   1              /* 进入中断50ms +1次 */
 164   1              TIME_BASE++;
 165   1          COUNT++;
 166   1              
 167   1              if(TIME_BASE == 40)      //     20ms * 50ms = 刚好等于1000ms 也就是1秒
 168   1              {
 169   2              rec_flag=0;
 170   2              TIME_BASE=0;
 171   2              //printf("test\r\n");
 172   2              }
 173   1          if(COUNT==count_sned&&auto_enable==1)
 174   1          {
 175   2              COUNT=0;
 176   2              send_flag=1;
 177   2          }
 178   1          ET0 = 1;
C51 COMPILER V9.60.0.0   MAIN                                                              06/24/2024 12:07:09 PAGE 4   

 179   1              TR0 = 1;
 180   1          
 181   1      }
 182          
 183          
 184          void scon_isr() interrupt 4//中断服务函数，设置为串口中断
 185          {
 186   1          rec_flag=0;
 187   1          if(SBUF=='D')
 188   1          {
 189   2              send_flag=1;
 190   2          }
 191   1          else if(SBUF=='F')
 192   1          {
 193   2              COUNT=0;
 194   2              count_sned=10;
 195   2          }
 196   1          else if(SBUF=='x')
 197   1          {
 198   2              COUNT=0;
 199   2              count_sned=20;
 200   2          }
 201   1          else if(SBUF=='w')
 202   1          {
 203   2              COUNT=0;
 204   2              count_sned=30;
 205   2          }
 206   1          else if(SBUF=='k')
 207   1          {
 208   2              auto_enable=1;
 209   2          }
 210   1          else if(SBUF=='s')
 211   1          {
 212   2              auto_enable=0;
 213   2          }
 214   1          else if(SBUF=='#')
 215   1          {
 216   2              connection=1;
 217   2          }
 218   1              RI=0;
 219   1      }
 220          
 221          


MODULE INFORMATION:   STATIC OVERLAYABLE
   CODE SIZE        =   1416    ----
   CONSTANT SIZE    =    465    ----
   XDATA SIZE       =     86       1
   PDATA SIZE       =   ----    ----
   DATA SIZE        =   ----    ----
   IDATA SIZE       =   ----    ----
   BIT SIZE         =   ----    ----
END OF MODULE INFORMATION.


C51 COMPILATION COMPLETE.  0 WARNING(S),  0 ERROR(S)
