C51 COMPILER V9.60.0.0   UART                                                              06/24/2024 12:07:09 PAGE 1   


C51 COMPILER V9.60.0.0, COMPILATION OF MODULE UART
OBJECT MODULE PLACED IN .\Objects\uart.obj
COMPILER INVOKED BY: D:\Keil5\C51\BIN\C51.EXE uart.c LARGE OPTIMIZE(8,SPEED) BROWSE DEBUG OBJECTEXTEND PRINT(.\Listings\
                    -uart.lst) OBJECT(.\Objects\uart.obj)

line level    source

   1          #include <reg52.h>
   2          #define BAUD_RATE_TIMER_RELOAD ((65536 - 409) & 0xFFFF) 
   3          void UART_Init()
   4          {
   5   1              SCON=0X50;                      //设置为工作方式1
   6   1              TMOD=0X20;                      //设置计数器工作方式2
   7   1              PCON=0X80;                      //波特率加倍
   8   1              TH1=0XF3;                       //计数器初始值设置，注意波特率是4800的
   9   1              TL1=0XF3;
  10   1              ES=1;                           //打开接收中断
  11   1              EA=1;                           //打开总中断
  12   1              TR1=1;                          //打开计数器
  13   1      }
  14          
  15          //void UART_SendByte(unsigned char Byte)
  16          //{      
  17          //      SBUF=Byte;
  18          //      while(TI==0);
  19          //      TI=0;
  20          //}
  21          
  22          
  23          void SystemInit(void)
  24          {
  25   1              TMOD |= 0x01;
  26   1              TH0 = (65536 - 45872) / 256;     // 定时50ms  //晶振：11.0592MHZ
  27   1              TL0 = (65536 - 45872) % 256;
  28   1              ET0 = 1;
  29   1              TR0 = 1;
  30   1              EA  = 1;
  31   1      }


MODULE INFORMATION:   STATIC OVERLAYABLE
   CODE SIZE        =     38    ----
   CONSTANT SIZE    =   ----    ----
   XDATA SIZE       =   ----    ----
   PDATA SIZE       =   ----    ----
   DATA SIZE        =   ----    ----
   IDATA SIZE       =   ----    ----
   BIT SIZE         =   ----    ----
END OF MODULE INFORMATION.


C51 COMPILATION COMPLETE.  0 WARNING(S),  0 ERROR(S)
